<?xml version="1.0" encoding="UTF-8"?>
<!-- Generated by org.testng.reporters.JUnitReportReporter -->
<testsuite hostname="DellLap" failures="0" tests="3" name="api.testcases.StoreTestCases" time="5.734" errors="0" timestamp="2024-07-26T22:41:19 IST" skipped="0">
  <testcase classname="api.testcases.StoreTestCases" name="testStoreUser" time="3.322"/>
  <system-out/>
  <testcase classname="api.testcases.StoreTestCases" name="testGetStore" time="1.228"/>
  <system-out/>
  <testcase classname="api.testcases.StoreTestCases" name="testDeleteStore" time="1.184"/>
  <system-out/>
</testsuite> <!-- api.testcases.StoreTestCases -->
