<?xml version="1.0" encoding="UTF-8"?>
<!-- Generated by org.testng.reporters.JUnitReportReporter -->
<testsuite hostname="DellLap" failures="0" tests="6" name="api.testcases.DataDriverUser" time="6.732" errors="0" timestamp="2024-07-27T19:09:17 IST" skipped="0">
  <testcase classname="api.testcases.DataDriverUser" name="testCreateUser" time="1.190"/>
  <system-out/>
  <testcase classname="api.testcases.DataDriverUser" name="testCreateUser" time="1.099"/>
  <system-out/>
  <testcase classname="api.testcases.DataDriverUser" name="testCreateUser" time="1.096"/>
  <system-out/>
  <testcase classname="api.testcases.DataDriverUser" name="testDeleteUser" time="1.092"/>
  <system-out/>
  <testcase classname="api.testcases.DataDriverUser" name="testDeleteUser" time="1.094"/>
  <system-out/>
  <testcase classname="api.testcases.DataDriverUser" name="testDeleteUser" time="1.161"/>
  <system-out/>
</testsuite> <!-- api.testcases.DataDriverUser -->
