<?xml version="1.0" encoding="UTF-8"?>
<!-- Generated by org.testng.reporters.JUnitReportReporter -->
<testsuite hostname="DellLap" failures="0" tests="4" name="api.testcases.TestCases" time="7.501" errors="0" timestamp="2024-07-27T19:09:17 IST" skipped="0">
  <testcase classname="api.testcases.TestCases" name="testCreateUser" time="3.038"/>
  <system-out/>
  <testcase classname="api.testcases.TestCases" name="testGetUser" time="1.127"/>
  <system-out/>
  <testcase classname="api.testcases.TestCases" name="testUpdateUser" time="2.264"/>
  <system-out/>
  <testcase classname="api.testcases.TestCases" name="testDeleteUser" time="1.072"/>
  <system-out/>
</testsuite> <!-- api.testcases.TestCases -->
