<?xml version="1.0" encoding="UTF-8"?>
<!-- Generated by org.testng.reporters.JUnitReportReporter -->
<testsuite hostname="DellLap" failures="0" tests="6" name="api.testcases.DataDriverUser" time="6.686" errors="0" timestamp="2024-08-01T17:23:29 IST" skipped="0">
  <testcase classname="api.testcases.DataDriverUser" name="testCreateUser" time="1.125"/>
  <testcase classname="api.testcases.DataDriverUser" name="testCreateUser" time="1.114"/>
  <testcase classname="api.testcases.DataDriverUser" name="testCreateUser" time="1.094"/>
  <testcase classname="api.testcases.DataDriverUser" name="testDeleteUser" time="1.108"/>
  <testcase classname="api.testcases.DataDriverUser" name="testDeleteUser" time="1.164"/>
  <testcase classname="api.testcases.DataDriverUser" name="testDeleteUser" time="1.081"/>
</testsuite> <!-- api.testcases.DataDriverUser -->
