<?xml version="1.0" encoding="UTF-8"?>
<!-- Generated by org.testng.reporters.JUnitReportReporter -->
<testsuite hostname="DellLap" failures="0" tests="4" name="api.testcases.TestCases" time="7.534" errors="0" timestamp="2024-07-27T19:30:09 IST" skipped="0">
  <testcase classname="api.testcases.TestCases" name="testCreateUser" time="3.045"/>
  <testcase classname="api.testcases.TestCases" name="testGetUser" time="1.093"/>
  <testcase classname="api.testcases.TestCases" name="testUpdateUser" time="2.289"/>
  <testcase classname="api.testcases.TestCases" name="testDeleteUser" time="1.107"/>
</testsuite> <!-- api.testcases.TestCases -->
