<?xml version="1.0" encoding="UTF-8"?>
<!-- Generated by org.testng.reporters.JUnitReportReporter -->
<testsuite hostname="DellLap" failures="0" tests="4" name="api.testcases.TestCases" time="7.894" errors="0" timestamp="2024-08-01T13:06:08 IST" skipped="0">
  <testcase classname="api.testcases.TestCases" name="testCreateUser" time="3.460"/>
  <testcase classname="api.testcases.TestCases" name="testGetUser" time="1.111"/>
  <testcase classname="api.testcases.TestCases" name="testUpdateUser" time="2.176"/>
  <testcase classname="api.testcases.TestCases" name="testDeleteUser" time="1.147"/>
</testsuite> <!-- api.testcases.TestCases -->
