<?xml version="1.0" encoding="UTF-8"?>
<!-- Generated by org.testng.reporters.JUnitReportReporter -->
<testsuite hostname="DellLap" failures="0" tests="6" name="api.testcases.DataDriverUser" time="6.898" errors="0" timestamp="2024-07-27T19:30:09 IST" skipped="0">
  <testcase classname="api.testcases.DataDriverUser" name="testCreateUser" time="1.128"/>
  <testcase classname="api.testcases.DataDriverUser" name="testCreateUser" time="1.124"/>
  <testcase classname="api.testcases.DataDriverUser" name="testCreateUser" time="1.155"/>
  <testcase classname="api.testcases.DataDriverUser" name="testDeleteUser" time="1.115"/>
  <testcase classname="api.testcases.DataDriverUser" name="testDeleteUser" time="1.144"/>
  <testcase classname="api.testcases.DataDriverUser" name="testDeleteUser" time="1.232"/>
</testsuite> <!-- api.testcases.DataDriverUser -->
