<?xml version="1.0" encoding="UTF-8"?>
<!-- Generated by org.testng.reporters.JUnitReportReporter -->
<testsuite hostname="DellLap" failures="0" tests="6" name="api.testcases.DataDriverUser" time="7.123" errors="0" timestamp="2024-08-01T13:06:08 IST" skipped="0">
  <testcase classname="api.testcases.DataDriverUser" name="testCreateUser" time="1.323"/>
  <testcase classname="api.testcases.DataDriverUser" name="testCreateUser" time="1.268"/>
  <testcase classname="api.testcases.DataDriverUser" name="testCreateUser" time="1.237"/>
  <testcase classname="api.testcases.DataDriverUser" name="testDeleteUser" time="1.127"/>
  <testcase classname="api.testcases.DataDriverUser" name="testDeleteUser" time="1.060"/>
  <testcase classname="api.testcases.DataDriverUser" name="testDeleteUser" time="1.108"/>
</testsuite> <!-- api.testcases.DataDriverUser -->
