<?xml version="1.0" encoding="UTF-8"?>
<!-- Generated by org.testng.reporters.JUnitReportReporter -->
<testsuite hostname="DellLap" failures="0" tests="4" name="api.testcases.TestCases" time="7.228" errors="0" timestamp="2024-08-01T17:23:29 IST" skipped="0">
  <testcase classname="api.testcases.TestCases" name="testCreateUser" time="2.700"/>
  <testcase classname="api.testcases.TestCases" name="testGetUser" time="1.127"/>
  <testcase classname="api.testcases.TestCases" name="testUpdateUser" time="2.291"/>
  <testcase classname="api.testcases.TestCases" name="testDeleteUser" time="1.110"/>
</testsuite> <!-- api.testcases.TestCases -->
